[2m2026-01-01T17:45:46.232427Z[0m [31mERROR[0m [2mglazewm[0m[2m:[0m Another instance of the application is already running.
[2m2026-04-29T18:56:10.652934Z[0m [31mERROR[0m [2mglazewm[0m[2m:[0m Another instance of the application is already running.
[2m2026-04-29T19:09:00.564399Z[0m [31mERROR[0m [2mglazewm[0m[2m:[0m window_effects.other_windows.corner_style.style: unknown variant `circle`, expected one of `default`, `square`, `rounded`, `small_rounded` at line 93 column 14
[2m2026-04-29T19:09:01.749506Z[0m [31mERROR[0m [2mglazewm[0m[2m:[0m window_effects.other_windows.corner_style.style: unknown variant `circle`, expected one of `default`, `square`, `rounded`, `small_rounded` at line 93 column 14
[2m2026-04-29T19:09:02.427384Z[0m [31mERROR[0m [2mglazewm[0m[2m:[0m window_effects.other_windows.corner_style.style: unknown variant `circle`, expected one of `default`, `square`, `rounded`, `small_rounded` at line 93 column 14
[2m2026-05-02T18:19:46.216871Z[0m [31mERROR[0m [2mglazewm[0m[2m:[0m Another instance of the application is already running.
[2m2026-05-02T20:12:28.533137Z[0m [31mERROR[0m [2mglazewm[0m[2m:[0m Another instance of the application is already running.
[2m2026-05-19T18:10:13.682264Z[0m [31mERROR[0m [2mglazewm[0m[2m:[0m Failed to execute 'alacritty'.

Error: The operation was canceled by the user. (0x800704C7)
[2m2026-05-19T18:10:15.236293Z[0m [31mERROR[0m [2mglazewm[0m[2m:[0m Failed to execute 'alacritty'.

Error: The operation was canceled by the user. (0x800704C7)
[2m2026-05-19T18:23:42.200827Z[0m [31mERROR[0m [2mglazewm[0m[2m:[0m Failed to execute 'alacritty'.

Error: The operation was canceled by the user. (0x800704C7)
[2m2026-05-19T18:23:43.413868Z[0m [31mERROR[0m [2mglazewm[0m[2m:[0m Failed to execute 'alacritty'.

Error: The operation was canceled by the user. (0x800704C7)
[2m2026-05-19T18:27:11.430843Z[0m [31mERROR[0m [2mglazewm[0m[2m:[0m Failed to execute 'alacritty'.

Error: The operation was canceled by the user. (0x800704C7)
[2m2026-05-19T18:27:53.683586Z[0m [31mERROR[0m [2mglazewm[0m[2m:[0m Failed to execute 'alacritty.exe'.

Error: The operation was canceled by the user. (0x800704C7)
[2m2026-05-19T18:27:57.883510Z[0m [31mERROR[0m [2mglazewm[0m[2m:[0m Failed to execute 'alacritty.exe'.

Error: The operation was canceled by the user. (0x800704C7)
[2m2026-05-19T18:27:59.873520Z[0m [31mERROR[0m [2mglazewm[0m[2m:[0m Failed to execute 'alacritty.exe'.

Error: The operation was canceled by the user. (0x800704C7)
[2m2026-05-19T18:41:26.748814Z[0m [31mERROR[0m [2mglazewm[0m[2m:[0m Failed to execute 'alacritty.exe'.

Error: The operation was canceled by the user. (0x800704C7)
